0 info it worked if it ends with ok
1 verbose cli [ 'node',
1 verbose cli   '/usr/local/bin/npm',
1 verbose cli   'test',
1 verbose cli   'spec/hexToBase6SixtyFourTest.js' ]
2 info using npm@1.4.28
3 info using node@v0.12.7
4 error Error: ENOENT, open '/Users/nilssona/WebstormProjects/crypto/node_modules/spec/hexToBase6SixtyFourTest.js/package.json'
4 error     at Error (native)
5 error If you need help, you may report this *entire* log,
5 error including the npm and node versions, at:
5 error     <http://github.com/npm/npm/issues>
6 error System Darwin 15.0.0
7 error command "node" "/usr/local/bin/npm" "test" "spec/hexToBase6SixtyFourTest.js"
8 error cwd /Users/nilssona/WebstormProjects/crypto
9 error node -v v0.12.7
10 error npm -v 1.4.28
11 error path /Users/nilssona/WebstormProjects/crypto/node_modules/spec/hexToBase6SixtyFourTest.js/package.json
12 error code ENOENT
13 error errno -2
14 verbose exit [ -2, true ]
